<?xml version="1.0" encoding="UTF-8"?>
<!-- Generated by org.testng.reporters.JUnitReportReporter -->
<testsuite hostname="aapna-lap-111" failures="0" tests="1" name="restAPIsAutomation.GetApiAutomate" time="4.546" errors="0" timestamp="2022-03-10T16:32:26 GMT+05:30" skipped="0">
  <testcase classname="restAPIsAutomation.GetApiAutomate" name="getRequestAutomation1" time="4.546"/>
  <system-out/>
</testsuite> <!-- restAPIsAutomation.GetApiAutomate -->
